{"D:\\College\\4th Computer Year\\Distributed\\JEST TESTING\\Distributed-Ecommerce-Project\\app.js": {"path":"D:\\College\\4th Computer Year\\Distributed\\JEST TESTING\\Distributed-Ecommerce-Project\\app.js","statementMap":{"0":{"start":{"line":1,"column":16},"end":{"line":1,"column":34}},"1":{"start":{"line":3,"column":17},"end":{"line":3,"column":36}},"2":{"start":{"line":4,"column":17},"end":{"line":4,"column":36}},"3":{"start":{"line":5,"column":14},"end":{"line":5,"column":38}},"4":{"start":{"line":6,"column":16},"end":{"line":6,"column":42}},"5":{"start":{"line":7,"column":13},"end":{"line":7,"column":28}},"6":{"start":{"line":8,"column":12},"end":{"line":8,"column":21}},"7":{"start":{"line":11,"column":0},"end":{"line":11,"column":39}},"8":{"start":{"line":14,"column":0},"end":{"line":14,"column":39}},"9":{"start":{"line":17,"column":0},"end":{"line":23,"column":34}},"10":{"start":{"line":22,"column":14},"end":{"line":22,"column":46}},"11":{"start":{"line":23,"column":16},"end":{"line":23,"column":32}},"12":{"start":{"line":28,"column":0},"end":{"line":28,"column":56}},"13":{"start":{"line":29,"column":0},"end":{"line":29,"column":30}},"14":{"start":{"line":33,"column":0},"end":{"line":33,"column":48}},"15":{"start":{"line":36,"column":0},"end":{"line":42,"column":2}},"16":{"start":{"line":45,"column":0},"end":{"line":45,"column":31}},"17":{"start":{"line":46,"column":0},"end":{"line":46,"column":28}},"18":{"start":{"line":49,"column":0},"end":{"line":49,"column":17}},"19":{"start":{"line":52,"column":0},"end":{"line":57,"column":3}},"20":{"start":{"line":53,"column":2},"end":{"line":53,"column":52}},"21":{"start":{"line":54,"column":2},"end":{"line":54,"column":48}},"22":{"start":{"line":55,"column":2},"end":{"line":55,"column":40}},"23":{"start":{"line":56,"column":2},"end":{"line":56,"column":9}},"24":{"start":{"line":60,"column":0},"end":{"line":60,"column":43}},"25":{"start":{"line":61,"column":0},"end":{"line":61,"column":48}},"26":{"start":{"line":63,"column":13},"end":{"line":63,"column":37}},"27":{"start":{"line":65,"column":0},"end":{"line":65,"column":60}},"28":{"start":{"line":67,"column":0},"end":{"line":67,"column":38}}},"fnMap":{"0":{"name":"(anonymous_0)","decl":{"start":{"line":22,"column":8},"end":{"line":22,"column":9}},"loc":{"start":{"line":22,"column":14},"end":{"line":22,"column":46}},"line":22},"1":{"name":"(anonymous_1)","decl":{"start":{"line":23,"column":9},"end":{"line":23,"column":10}},"loc":{"start":{"line":23,"column":16},"end":{"line":23,"column":32}},"line":23},"2":{"name":"(anonymous_2)","decl":{"start":{"line":52,"column":8},"end":{"line":52,"column":9}},"loc":{"start":{"line":52,"column":33},"end":{"line":57,"column":1}},"line":52}},"branchMap":{"0":{"loc":{"start":{"line":63,"column":13},"end":{"line":63,"column":37}},"type":"binary-expr","locations":[{"start":{"line":63,"column":13},"end":{"line":63,"column":29}},{"start":{"line":63,"column":33},"end":{"line":63,"column":37}}],"line":63}},"s":{"0":2,"1":2,"2":2,"3":2,"4":2,"5":2,"6":2,"7":2,"8":2,"9":2,"10":0,"11":0,"12":2,"13":2,"14":2,"15":2,"16":2,"17":2,"18":2,"19":2,"20":2,"21":2,"22":2,"23":2,"24":2,"25":2,"26":2,"27":2,"28":2},"f":{"0":0,"1":0,"2":2},"b":{"0":[2,2]},"_coverageSchema":"1a1c01bbd47fc00a2c39e90264f33305004495a9","hash":"f76498e7b339f4d6ac85de3420b7d5d7a2c1a61a"}
,"D:\\College\\4th Computer Year\\Distributed\\JEST TESTING\\Distributed-Ecommerce-Project\\config\\auth.js": {"path":"D:\\College\\4th Computer Year\\Distributed\\JEST TESTING\\Distributed-Ecommerce-Project\\config\\auth.js","statementMap":{"0":{"start":{"line":1,"column":0},"end":{"line":15,"column":2}},"1":{"start":{"line":3,"column":4},"end":{"line":5,"column":5}},"2":{"start":{"line":4,"column":6},"end":{"line":4,"column":20}},"3":{"start":{"line":6,"column":4},"end":{"line":6,"column":66}},"4":{"start":{"line":7,"column":4},"end":{"line":7,"column":33}},"5":{"start":{"line":10,"column":4},"end":{"line":12,"column":5}},"6":{"start":{"line":11,"column":6},"end":{"line":11,"column":20}},"7":{"start":{"line":13,"column":4},"end":{"line":13,"column":22}}},"fnMap":{"0":{"name":"(anonymous_0)","decl":{"start":{"line":2,"column":23},"end":{"line":2,"column":24}},"loc":{"start":{"line":2,"column":48},"end":{"line":8,"column":3}},"line":2},"1":{"name":"(anonymous_1)","decl":{"start":{"line":9,"column":24},"end":{"line":9,"column":25}},"loc":{"start":{"line":9,"column":49},"end":{"line":14,"column":3}},"line":9}},"branchMap":{"0":{"loc":{"start":{"line":3,"column":4},"end":{"line":5,"column":5}},"type":"if","locations":[{"start":{"line":3,"column":4},"end":{"line":5,"column":5}},{"start":{},"end":{}}],"line":3},"1":{"loc":{"start":{"line":10,"column":4},"end":{"line":12,"column":5}},"type":"if","locations":[{"start":{"line":10,"column":4},"end":{"line":12,"column":5}},{"start":{},"end":{}}],"line":10}},"s":{"0":2,"1":0,"2":0,"3":0,"4":0,"5":0,"6":0,"7":0},"f":{"0":0,"1":0},"b":{"0":[0,0],"1":[0,0]},"_coverageSchema":"1a1c01bbd47fc00a2c39e90264f33305004495a9","hash":"fc9b12bfff9b69e51e0fb9cc6fff7fcec0b5b0d7"}
,"D:\\College\\4th Computer Year\\Distributed\\JEST TESTING\\Distributed-Ecommerce-Project\\config\\keys.js": {"path":"D:\\College\\4th Computer Year\\Distributed\\JEST TESTING\\Distributed-Ecommerce-Project\\config\\keys.js","statementMap":{"0":{"start":{"line":1,"column":0},"end":{"line":1,"column":118}},"1":{"start":{"line":3,"column":0},"end":{"line":5,"column":2}}},"fnMap":{},"branchMap":{},"s":{"0":2,"1":2},"f":{},"b":{},"_coverageSchema":"1a1c01bbd47fc00a2c39e90264f33305004495a9","hash":"00644238c32429847b24d2b22178ed523de337ab"}
,"D:\\College\\4th Computer Year\\Distributed\\JEST TESTING\\Distributed-Ecommerce-Project\\config\\passport.js": {"path":"D:\\College\\4th Computer Year\\Distributed\\JEST TESTING\\Distributed-Ecommerce-Project\\config\\passport.js","statementMap":{"0":{"start":{"line":1,"column":22},"end":{"line":1,"column":56}},"1":{"start":{"line":2,"column":15},"end":{"line":2,"column":34}},"2":{"start":{"line":5,"column":13},"end":{"line":5,"column":38}},"3":{"start":{"line":7,"column":0},"end":{"line":40,"column":2}},"4":{"start":{"line":8,"column":2},"end":{"line":29,"column":4}},"5":{"start":{"line":11,"column":6},"end":{"line":27,"column":9}},"6":{"start":{"line":14,"column":8},"end":{"line":16,"column":9}},"7":{"start":{"line":15,"column":10},"end":{"line":15,"column":80}},"8":{"start":{"line":19,"column":8},"end":{"line":26,"column":11}},"9":{"start":{"line":20,"column":10},"end":{"line":20,"column":29}},"10":{"start":{"line":20,"column":19},"end":{"line":20,"column":29}},"11":{"start":{"line":21,"column":10},"end":{"line":25,"column":11}},"12":{"start":{"line":22,"column":12},"end":{"line":22,"column":36}},"13":{"start":{"line":24,"column":12},"end":{"line":24,"column":72}},"14":{"start":{"line":31,"column":2},"end":{"line":33,"column":5}},"15":{"start":{"line":32,"column":4},"end":{"line":32,"column":24}},"16":{"start":{"line":35,"column":2},"end":{"line":39,"column":5}},"17":{"start":{"line":36,"column":4},"end":{"line":38,"column":7}},"18":{"start":{"line":37,"column":6},"end":{"line":37,"column":22}}},"fnMap":{"0":{"name":"(anonymous_0)","decl":{"start":{"line":7,"column":17},"end":{"line":7,"column":18}},"loc":{"start":{"line":7,"column":36},"end":{"line":40,"column":1}},"line":7},"1":{"name":"(anonymous_1)","decl":{"start":{"line":9,"column":50},"end":{"line":9,"column":51}},"loc":{"start":{"line":9,"column":77},"end":{"line":28,"column":5}},"line":9},"2":{"name":"(anonymous_2)","decl":{"start":{"line":13,"column":14},"end":{"line":13,"column":15}},"loc":{"start":{"line":13,"column":22},"end":{"line":27,"column":7}},"line":13},"3":{"name":"(anonymous_3)","decl":{"start":{"line":19,"column":48},"end":{"line":19,"column":49}},"loc":{"start":{"line":19,"column":66},"end":{"line":26,"column":9}},"line":19},"4":{"name":"(anonymous_4)","decl":{"start":{"line":31,"column":25},"end":{"line":31,"column":26}},"loc":{"start":{"line":31,"column":46},"end":{"line":33,"column":3}},"line":31},"5":{"name":"(anonymous_5)","decl":{"start":{"line":35,"column":27},"end":{"line":35,"column":28}},"loc":{"start":{"line":35,"column":46},"end":{"line":39,"column":3}},"line":35},"6":{"name":"(anonymous_6)","decl":{"start":{"line":36,"column":22},"end":{"line":36,"column":23}},"loc":{"start":{"line":36,"column":42},"end":{"line":38,"column":5}},"line":36}},"branchMap":{"0":{"loc":{"start":{"line":14,"column":8},"end":{"line":16,"column":9}},"type":"if","locations":[{"start":{"line":14,"column":8},"end":{"line":16,"column":9}},{"start":{},"end":{}}],"line":14},"1":{"loc":{"start":{"line":20,"column":10},"end":{"line":20,"column":29}},"type":"if","locations":[{"start":{"line":20,"column":10},"end":{"line":20,"column":29}},{"start":{},"end":{}}],"line":20},"2":{"loc":{"start":{"line":21,"column":10},"end":{"line":25,"column":11}},"type":"if","locations":[{"start":{"line":21,"column":10},"end":{"line":25,"column":11}},{"start":{"line":23,"column":17},"end":{"line":25,"column":11}}],"line":21}},"s":{"0":2,"1":2,"2":2,"3":2,"4":2,"5":0,"6":0,"7":0,"8":0,"9":0,"10":0,"11":0,"12":0,"13":0,"14":2,"15":0,"16":2,"17":0,"18":0},"f":{"0":2,"1":0,"2":0,"3":0,"4":0,"5":0,"6":0},"b":{"0":[0,0],"1":[0,0],"2":[0,0]},"_coverageSchema":"1a1c01bbd47fc00a2c39e90264f33305004495a9","hash":"56a73b1cf32e6293c544fdeed85e2bdf6883461b"}
,"D:\\College\\4th Computer Year\\Distributed\\JEST TESTING\\Distributed-Ecommerce-Project\\models\\Cart.js": {"path":"D:\\College\\4th Computer Year\\Distributed\\JEST TESTING\\Distributed-Ecommerce-Project\\models\\Cart.js","statementMap":{"0":{"start":{"line":1,"column":17},"end":{"line":1,"column":36}},"1":{"start":{"line":2,"column":13},"end":{"line":2,"column":28}},"2":{"start":{"line":3,"column":19},"end":{"line":32,"column":2}},"3":{"start":{"line":34,"column":0},"end":{"line":34,"column":52}}},"fnMap":{},"branchMap":{},"s":{"0":2,"1":2,"2":2,"3":2},"f":{},"b":{},"_coverageSchema":"1a1c01bbd47fc00a2c39e90264f33305004495a9","hash":"0a8b05f3cc66ec66fa4caaabc3799c7eb8f414ac"}
,"D:\\College\\4th Computer Year\\Distributed\\JEST TESTING\\Distributed-Ecommerce-Project\\models\\Order.js": {"path":"D:\\College\\4th Computer Year\\Distributed\\JEST TESTING\\Distributed-Ecommerce-Project\\models\\Order.js","statementMap":{"0":{"start":{"line":1,"column":17},"end":{"line":1,"column":36}},"1":{"start":{"line":2,"column":15},"end":{"line":2,"column":30}},"2":{"start":{"line":4,"column":20},"end":{"line":39,"column":2}},"3":{"start":{"line":42,"column":0},"end":{"line":42,"column":54}}},"fnMap":{},"branchMap":{},"s":{"0":2,"1":2,"2":2,"3":2},"f":{},"b":{},"_coverageSchema":"1a1c01bbd47fc00a2c39e90264f33305004495a9","hash":"3c23abdcce6058b6867de1eec636dc20b2632089"}
,"D:\\College\\4th Computer Year\\Distributed\\JEST TESTING\\Distributed-Ecommerce-Project\\models\\Product.js": {"path":"D:\\College\\4th Computer Year\\Distributed\\JEST TESTING\\Distributed-Ecommerce-Project\\models\\Product.js","statementMap":{"0":{"start":{"line":1,"column":17},"end":{"line":1,"column":36}},"1":{"start":{"line":2,"column":13},"end":{"line":2,"column":28}},"2":{"start":{"line":4,"column":22},"end":{"line":26,"column":2}},"3":{"start":{"line":28,"column":13},"end":{"line":28,"column":53}},"4":{"start":{"line":30,"column":0},"end":{"line":30,"column":22}}},"fnMap":{},"branchMap":{},"s":{"0":2,"1":2,"2":2,"3":2,"4":2},"f":{},"b":{},"_coverageSchema":"1a1c01bbd47fc00a2c39e90264f33305004495a9","hash":"9e5f49ecc0f9e8122e5c744d980772cfa9d92c32"}
,"D:\\College\\4th Computer Year\\Distributed\\JEST TESTING\\Distributed-Ecommerce-Project\\models\\User.js": {"path":"D:\\College\\4th Computer Year\\Distributed\\JEST TESTING\\Distributed-Ecommerce-Project\\models\\User.js","statementMap":{"0":{"start":{"line":1,"column":17},"end":{"line":1,"column":36}},"1":{"start":{"line":3,"column":19},"end":{"line":20,"column":2}},"2":{"start":{"line":22,"column":13},"end":{"line":22,"column":47}},"3":{"start":{"line":24,"column":0},"end":{"line":24,"column":22}}},"fnMap":{},"branchMap":{},"s":{"0":2,"1":2,"2":2,"3":2},"f":{},"b":{},"_coverageSchema":"1a1c01bbd47fc00a2c39e90264f33305004495a9","hash":"b701f3c2690db1e7e095338eb88908de5217fed5"}
,"D:\\College\\4th Computer Year\\Distributed\\JEST TESTING\\Distributed-Ecommerce-Project\\routes\\index.js": {"path":"D:\\College\\4th Computer Year\\Distributed\\JEST TESTING\\Distributed-Ecommerce-Project\\routes\\index.js","statementMap":{"0":{"start":{"line":1,"column":16},"end":{"line":1,"column":34}},"1":{"start":{"line":2,"column":15},"end":{"line":2,"column":31}},"2":{"start":{"line":3,"column":16},"end":{"line":3,"column":44}},"3":{"start":{"line":4,"column":16},"end":{"line":4,"column":34}},"4":{"start":{"line":5,"column":13},"end":{"line":5,"column":38}},"5":{"start":{"line":6,"column":13},"end":{"line":6,"column":38}},"6":{"start":{"line":7,"column":14},"end":{"line":7,"column":40}},"7":{"start":{"line":8,"column":17},"end":{"line":8,"column":33}},"8":{"start":{"line":9,"column":54},"end":{"line":9,"column":79}},"9":{"start":{"line":10,"column":19},"end":{"line":10,"column":33}},"10":{"start":{"line":13,"column":0},"end":{"line":13,"column":40}},"11":{"start":{"line":16,"column":0},"end":{"line":16,"column":75}},"12":{"start":{"line":16,"column":52},"end":{"line":16,"column":73}},"13":{"start":{"line":18,"column":0},"end":{"line":21,"column":3}},"14":{"start":{"line":19,"column":2},"end":{"line":19,"column":125}},"15":{"start":{"line":19,"column":68},"end":{"line":19,"column":122}},"16":{"start":{"line":23,"column":0},"end":{"line":27,"column":5}},"17":{"start":{"line":24,"column":2},"end":{"line":27,"column":3}},"18":{"start":{"line":29,"column":0},"end":{"line":37,"column":2}},"19":{"start":{"line":30,"column":2},"end":{"line":30,"column":32}},"20":{"start":{"line":31,"column":13},"end":{"line":31,"column":24}},"21":{"start":{"line":32,"column":56},"end":{"line":32,"column":64}},"22":{"start":{"line":33,"column":18},"end":{"line":33,"column":82}},"23":{"start":{"line":34,"column":2},"end":{"line":34,"column":98}},"24":{"start":{"line":34,"column":28},"end":{"line":34,"column":50}},"25":{"start":{"line":34,"column":64},"end":{"line":34,"column":96}},"26":{"start":{"line":35,"column":2},"end":{"line":35,"column":30}},"27":{"start":{"line":39,"column":0},"end":{"line":41,"column":2}},"28":{"start":{"line":40,"column":2},"end":{"line":40,"column":128}},"29":{"start":{"line":40,"column":77},"end":{"line":40,"column":125}},"30":{"start":{"line":44,"column":0},"end":{"line":47,"column":3}},"31":{"start":{"line":46,"column":2},"end":{"line":46,"column":84}},"32":{"start":{"line":46,"column":55},"end":{"line":46,"column":82}},"33":{"start":{"line":52,"column":0},"end":{"line":100,"column":3}},"34":{"start":{"line":53,"column":20},"end":{"line":53,"column":33}},"35":{"start":{"line":54,"column":2},"end":{"line":99,"column":3}},"36":{"start":{"line":57,"column":4},"end":{"line":59,"column":5}},"37":{"start":{"line":58,"column":6},"end":{"line":58,"column":60}},"38":{"start":{"line":61,"column":4},"end":{"line":70,"column":5}},"39":{"start":{"line":65,"column":6},"end":{"line":65,"column":46}},"40":{"start":{"line":66,"column":11},"end":{"line":70,"column":5}},"41":{"start":{"line":67,"column":6},"end":{"line":67,"column":26}},"42":{"start":{"line":69,"column":6},"end":{"line":69,"column":23}},"43":{"start":{"line":72,"column":20},"end":{"line":72,"column":53}},"44":{"start":{"line":73,"column":22},"end":{"line":73,"column":75}},"45":{"start":{"line":73,"column":50},"end":{"line":73,"column":74}},"46":{"start":{"line":74,"column":4},"end":{"line":87,"column":5}},"47":{"start":{"line":76,"column":6},"end":{"line":76,"column":50}},"48":{"start":{"line":77,"column":6},"end":{"line":77,"column":38}},"49":{"start":{"line":80,"column":6},"end":{"line":85,"column":9}},"50":{"start":{"line":86,"column":6},"end":{"line":86,"column":38}},"51":{"start":{"line":89,"column":4},"end":{"line":92,"column":5}},"52":{"start":{"line":90,"column":6},"end":{"line":90,"column":31}},"53":{"start":{"line":91,"column":6},"end":{"line":91,"column":24}},"54":{"start":{"line":93,"column":4},"end":{"line":93,"column":28}},"55":{"start":{"line":94,"column":4},"end":{"line":94,"column":62}},"56":{"start":{"line":95,"column":4},"end":{"line":95,"column":38}},"57":{"start":{"line":97,"column":4},"end":{"line":97,"column":29}},"58":{"start":{"line":98,"column":4},"end":{"line":98,"column":32}},"59":{"start":{"line":104,"column":0},"end":{"line":140,"column":3}},"60":{"start":{"line":105,"column":2},"end":{"line":139,"column":3}},"61":{"start":{"line":108,"column":4},"end":{"line":110,"column":5}},"62":{"start":{"line":109,"column":6},"end":{"line":109,"column":60}},"63":{"start":{"line":112,"column":4},"end":{"line":120,"column":5}},"64":{"start":{"line":113,"column":6},"end":{"line":113,"column":35}},"65":{"start":{"line":114,"column":6},"end":{"line":119,"column":9}},"66":{"start":{"line":122,"column":4},"end":{"line":128,"column":5}},"67":{"start":{"line":123,"column":6},"end":{"line":127,"column":9}},"68":{"start":{"line":130,"column":4},"end":{"line":135,"column":7}},"69":{"start":{"line":137,"column":4},"end":{"line":137,"column":29}},"70":{"start":{"line":138,"column":4},"end":{"line":138,"column":32}},"71":{"start":{"line":144,"column":0},"end":{"line":147,"column":3}},"72":{"start":{"line":146,"column":2},"end":{"line":146,"column":28}},"73":{"start":{"line":150,"column":0},"end":{"line":155,"column":3}},"74":{"start":{"line":152,"column":18},"end":{"line":152,"column":63}},"75":{"start":{"line":154,"column":2},"end":{"line":154,"column":113}},"76":{"start":{"line":154,"column":83},"end":{"line":154,"column":110}},"77":{"start":{"line":158,"column":0},"end":{"line":163,"column":2}},"78":{"start":{"line":159,"column":2},"end":{"line":159,"column":56}},"79":{"start":{"line":160,"column":2},"end":{"line":162,"column":4}},"80":{"start":{"line":166,"column":0},"end":{"line":212,"column":2}},"81":{"start":{"line":167,"column":13},"end":{"line":167,"column":29}},"82":{"start":{"line":168,"column":16},"end":{"line":174,"column":4}},"83":{"start":{"line":175,"column":2},"end":{"line":175,"column":29}},"84":{"start":{"line":179,"column":18},"end":{"line":179,"column":56}},"85":{"start":{"line":180,"column":2},"end":{"line":182,"column":3}},"86":{"start":{"line":181,"column":4},"end":{"line":181,"column":35}},"87":{"start":{"line":183,"column":2},"end":{"line":183,"column":15}},"88":{"start":{"line":186,"column":2},"end":{"line":205,"column":3}},"89":{"start":{"line":186,"column":15},"end":{"line":186,"column":16}},"90":{"start":{"line":187,"column":4},"end":{"line":192,"column":7}},"91":{"start":{"line":196,"column":4},"end":{"line":196,"column":35}},"92":{"start":{"line":197,"column":4},"end":{"line":202,"column":6}},"93":{"start":{"line":198,"column":6},"end":{"line":201,"column":8}},"94":{"start":{"line":199,"column":20},"end":{"line":199,"column":40}},"95":{"start":{"line":200,"column":8},"end":{"line":200,"column":120}},"96":{"start":{"line":200,"column":96},"end":{"line":200,"column":118}},"97":{"start":{"line":203,"column":4},"end":{"line":203,"column":126}},"98":{"start":{"line":203,"column":79},"end":{"line":203,"column":122}},"99":{"start":{"line":204,"column":4},"end":{"line":204,"column":16}},"100":{"start":{"line":207,"column":2},"end":{"line":207,"column":114}},"101":{"start":{"line":207,"column":91},"end":{"line":207,"column":113}},"102":{"start":{"line":208,"column":2},"end":{"line":211,"column":5}},"103":{"start":{"line":209,"column":4},"end":{"line":209,"column":47}},"104":{"start":{"line":210,"column":4},"end":{"line":210,"column":28}},"105":{"start":{"line":216,"column":0},"end":{"line":235,"column":2}},"106":{"start":{"line":217,"column":2},"end":{"line":220,"column":3}},"107":{"start":{"line":218,"column":4},"end":{"line":218,"column":25}},"108":{"start":{"line":219,"column":4},"end":{"line":219,"column":49}},"109":{"start":{"line":221,"column":2},"end":{"line":234,"column":3}},"110":{"start":{"line":222,"column":4},"end":{"line":226,"column":6}},"111":{"start":{"line":224,"column":6},"end":{"line":224,"column":27}},"112":{"start":{"line":225,"column":6},"end":{"line":225,"column":45}},"113":{"start":{"line":229,"column":4},"end":{"line":233,"column":6}},"114":{"start":{"line":231,"column":6},"end":{"line":231,"column":27}},"115":{"start":{"line":232,"column":6},"end":{"line":232,"column":45}},"116":{"start":{"line":238,"column":0},"end":{"line":238,"column":24}}},"fnMap":{"0":{"name":"(anonymous_0)","decl":{"start":{"line":16,"column":38},"end":{"line":16,"column":39}},"loc":{"start":{"line":16,"column":52},"end":{"line":16,"column":73}},"line":16},"1":{"name":"(anonymous_1)","decl":{"start":{"line":18,"column":47},"end":{"line":18,"column":48}},"loc":{"start":{"line":18,"column":61},"end":{"line":21,"column":1}},"line":18},"2":{"name":"(anonymous_2)","decl":{"start":{"line":19,"column":52},"end":{"line":19,"column":53}},"loc":{"start":{"line":19,"column":66},"end":{"line":19,"column":124}},"line":19},"3":{"name":"(anonymous_3)","decl":{"start":{"line":23,"column":48},"end":{"line":23,"column":49}},"loc":{"start":{"line":24,"column":2},"end":{"line":27,"column":3}},"line":24},"4":{"name":"(anonymous_4)","decl":{"start":{"line":29,"column":28},"end":{"line":29,"column":29}},"loc":{"start":{"line":29,"column":42},"end":{"line":36,"column":1}},"line":29},"5":{"name":"(anonymous_5)","decl":{"start":{"line":34,"column":22},"end":{"line":34,"column":23}},"loc":{"start":{"line":34,"column":28},"end":{"line":34,"column":50}},"line":34},"6":{"name":"(anonymous_6)","decl":{"start":{"line":34,"column":58},"end":{"line":34,"column":59}},"loc":{"start":{"line":34,"column":64},"end":{"line":34,"column":96}},"line":34},"7":{"name":"(anonymous_7)","decl":{"start":{"line":39,"column":41},"end":{"line":39,"column":42}},"loc":{"start":{"line":39,"column":55},"end":{"line":41,"column":1}},"line":39},"8":{"name":"(anonymous_8)","decl":{"start":{"line":40,"column":61},"end":{"line":40,"column":62}},"loc":{"start":{"line":40,"column":75},"end":{"line":40,"column":127}},"line":40},"9":{"name":"(anonymous_9)","decl":{"start":{"line":44,"column":52},"end":{"line":44,"column":53}},"loc":{"start":{"line":44,"column":66},"end":{"line":47,"column":1}},"line":44},"10":{"name":"(anonymous_10)","decl":{"start":{"line":46,"column":49},"end":{"line":46,"column":50}},"loc":{"start":{"line":46,"column":55},"end":{"line":46,"column":82}},"line":46},"11":{"name":"(anonymous_11)","decl":{"start":{"line":52,"column":52},"end":{"line":52,"column":53}},"loc":{"start":{"line":52,"column":72},"end":{"line":100,"column":1}},"line":52},"12":{"name":"(anonymous_12)","decl":{"start":{"line":73,"column":43},"end":{"line":73,"column":44}},"loc":{"start":{"line":73,"column":50},"end":{"line":73,"column":74}},"line":73},"13":{"name":"(anonymous_13)","decl":{"start":{"line":104,"column":41},"end":{"line":104,"column":42}},"loc":{"start":{"line":104,"column":61},"end":{"line":140,"column":1}},"line":104},"14":{"name":"(anonymous_14)","decl":{"start":{"line":144,"column":49},"end":{"line":144,"column":50}},"loc":{"start":{"line":144,"column":63},"end":{"line":147,"column":1}},"line":144},"15":{"name":"(anonymous_15)","decl":{"start":{"line":150,"column":50},"end":{"line":150,"column":51}},"loc":{"start":{"line":150,"column":64},"end":{"line":155,"column":1}},"line":150},"16":{"name":"(anonymous_16)","decl":{"start":{"line":154,"column":75},"end":{"line":154,"column":76}},"loc":{"start":{"line":154,"column":81},"end":{"line":154,"column":112}},"line":154},"17":{"name":"(anonymous_17)","decl":{"start":{"line":158,"column":45},"end":{"line":158,"column":46}},"loc":{"start":{"line":158,"column":65},"end":{"line":163,"column":1}},"line":158},"18":{"name":"(anonymous_18)","decl":{"start":{"line":166,"column":42},"end":{"line":166,"column":43}},"loc":{"start":{"line":166,"column":56},"end":{"line":212,"column":1}},"line":166},"19":{"name":"(anonymous_19)","decl":{"start":{"line":197,"column":69},"end":{"line":197,"column":70}},"loc":{"start":{"line":197,"column":82},"end":{"line":202,"column":5}},"line":197},"20":{"name":"(anonymous_20)","decl":{"start":{"line":198,"column":60},"end":{"line":198,"column":61}},"loc":{"start":{"line":198,"column":70},"end":{"line":201,"column":7}},"line":198},"21":{"name":"(anonymous_21)","decl":{"start":{"line":200,"column":91},"end":{"line":200,"column":92}},"loc":{"start":{"line":200,"column":95},"end":{"line":200,"column":119}},"line":200},"22":{"name":"(anonymous_22)","decl":{"start":{"line":203,"column":71},"end":{"line":203,"column":72}},"loc":{"start":{"line":203,"column":77},"end":{"line":203,"column":124}},"line":203},"23":{"name":"(anonymous_23)","decl":{"start":{"line":207,"column":85},"end":{"line":207,"column":86}},"loc":{"start":{"line":207,"column":91},"end":{"line":207,"column":113}},"line":207},"24":{"name":"(anonymous_24)","decl":{"start":{"line":208,"column":42},"end":{"line":208,"column":43}},"loc":{"start":{"line":208,"column":48},"end":{"line":211,"column":3}},"line":208},"25":{"name":"(anonymous_25)","decl":{"start":{"line":216,"column":44},"end":{"line":216,"column":45}},"loc":{"start":{"line":216,"column":58},"end":{"line":235,"column":1}},"line":216},"26":{"name":"(anonymous_26)","decl":{"start":{"line":222,"column":29},"end":{"line":222,"column":30}},"loc":{"start":{"line":222,"column":40},"end":{"line":226,"column":5}},"line":222},"27":{"name":"(anonymous_27)","decl":{"start":{"line":229,"column":47},"end":{"line":229,"column":48}},"loc":{"start":{"line":229,"column":58},"end":{"line":233,"column":5}},"line":229}},"branchMap":{"0":{"loc":{"start":{"line":57,"column":4},"end":{"line":59,"column":5}},"type":"if","locations":[{"start":{"line":57,"column":4},"end":{"line":59,"column":5}},{"start":{},"end":{}}],"line":57},"1":{"loc":{"start":{"line":61,"column":4},"end":{"line":70,"column":5}},"type":"if","locations":[{"start":{"line":61,"column":4},"end":{"line":70,"column":5}},{"start":{"line":66,"column":11},"end":{"line":70,"column":5}}],"line":61},"2":{"loc":{"start":{"line":62,"column":6},"end":{"line":63,"column":37}},"type":"binary-expr","locations":[{"start":{"line":62,"column":7},"end":{"line":62,"column":15}},{"start":{"line":62,"column":19},"end":{"line":62,"column":29}},{"start":{"line":62,"column":33},"end":{"line":62,"column":49}},{"start":{"line":63,"column":7},"end":{"line":63,"column":16}},{"start":{"line":63,"column":20},"end":{"line":63,"column":36}}],"line":62},"3":{"loc":{"start":{"line":66,"column":11},"end":{"line":70,"column":5}},"type":"if","locations":[{"start":{"line":66,"column":11},"end":{"line":70,"column":5}},{"start":{"line":68,"column":11},"end":{"line":70,"column":5}}],"line":66},"4":{"loc":{"start":{"line":66,"column":15},"end":{"line":66,"column":38}},"type":"binary-expr","locations":[{"start":{"line":66,"column":15},"end":{"line":66,"column":24}},{"start":{"line":66,"column":28},"end":{"line":66,"column":38}}],"line":66},"5":{"loc":{"start":{"line":74,"column":4},"end":{"line":87,"column":5}},"type":"if","locations":[{"start":{"line":74,"column":4},"end":{"line":87,"column":5}},{"start":{"line":78,"column":11},"end":{"line":87,"column":5}}],"line":74},"6":{"loc":{"start":{"line":89,"column":4},"end":{"line":92,"column":5}},"type":"if","locations":[{"start":{"line":89,"column":4},"end":{"line":92,"column":5}},{"start":{},"end":{}}],"line":89},"7":{"loc":{"start":{"line":108,"column":4},"end":{"line":110,"column":5}},"type":"if","locations":[{"start":{"line":108,"column":4},"end":{"line":110,"column":5}},{"start":{},"end":{}}],"line":108},"8":{"loc":{"start":{"line":112,"column":4},"end":{"line":120,"column":5}},"type":"if","locations":[{"start":{"line":112,"column":4},"end":{"line":120,"column":5}},{"start":{},"end":{}}],"line":112},"9":{"loc":{"start":{"line":112,"column":8},"end":{"line":112,"column":29}},"type":"binary-expr","locations":[{"start":{"line":112,"column":8},"end":{"line":112,"column":16}},{"start":{"line":112,"column":20},"end":{"line":112,"column":29}}],"line":112},"10":{"loc":{"start":{"line":122,"column":4},"end":{"line":128,"column":5}},"type":"if","locations":[{"start":{"line":122,"column":4},"end":{"line":128,"column":5}},{"start":{},"end":{}}],"line":122},"11":{"loc":{"start":{"line":180,"column":2},"end":{"line":182,"column":3}},"type":"if","locations":[{"start":{"line":180,"column":2},"end":{"line":182,"column":3}},{"start":{},"end":{}}],"line":180},"12":{"loc":{"start":{"line":217,"column":2},"end":{"line":220,"column":3}},"type":"if","locations":[{"start":{"line":217,"column":2},"end":{"line":220,"column":3}},{"start":{},"end":{}}],"line":217},"13":{"loc":{"start":{"line":221,"column":2},"end":{"line":234,"column":3}},"type":"if","locations":[{"start":{"line":221,"column":2},"end":{"line":234,"column":3}},{"start":{"line":228,"column":7},"end":{"line":234,"column":3}}],"line":221}},"s":{"0":2,"1":2,"2":2,"3":2,"4":2,"5":2,"6":2,"7":2,"8":2,"9":2,"10":2,"11":2,"12":0,"13":2,"14":0,"15":0,"16":2,"17":0,"18":2,"19":0,"20":0,"21":0,"22":0,"23":0,"24":0,"25":0,"26":0,"27":2,"28":0,"29":0,"30":2,"31":0,"32":0,"33":2,"34":0,"35":0,"36":0,"37":0,"38":0,"39":0,"40":0,"41":0,"42":0,"43":0,"44":0,"45":0,"46":0,"47":0,"48":0,"49":0,"50":0,"51":0,"52":0,"53":0,"54":0,"55":0,"56":0,"57":0,"58":0,"59":2,"60":0,"61":0,"62":0,"63":0,"64":0,"65":0,"66":0,"67":0,"68":0,"69":0,"70":0,"71":2,"72":0,"73":2,"74":0,"75":0,"76":0,"77":2,"78":0,"79":0,"80":2,"81":0,"82":0,"83":0,"84":0,"85":0,"86":0,"87":0,"88":0,"89":0,"90":0,"91":0,"92":0,"93":0,"94":0,"95":0,"96":0,"97":0,"98":0,"99":0,"100":0,"101":0,"102":0,"103":0,"104":0,"105":2,"106":0,"107":0,"108":0,"109":0,"110":0,"111":0,"112":0,"113":0,"114":0,"115":0,"116":2},"f":{"0":0,"1":0,"2":0,"3":0,"4":0,"5":0,"6":0,"7":0,"8":0,"9":0,"10":0,"11":0,"12":0,"13":0,"14":0,"15":0,"16":0,"17":0,"18":0,"19":0,"20":0,"21":0,"22":0,"23":0,"24":0,"25":0,"26":0,"27":0},"b":{"0":[0,0],"1":[0,0],"2":[0,0,0,0,0],"3":[0,0],"4":[0,0],"5":[0,0],"6":[0,0],"7":[0,0],"8":[0,0],"9":[0,0],"10":[0,0],"11":[0,0],"12":[0,0],"13":[0,0]},"_coverageSchema":"1a1c01bbd47fc00a2c39e90264f33305004495a9","hash":"6f06141154220ff0f394759b66ead98e61280c59"}
,"D:\\College\\4th Computer Year\\Distributed\\JEST TESTING\\Distributed-Ecommerce-Project\\routes\\users.js": {"path":"D:\\College\\4th Computer Year\\Distributed\\JEST TESTING\\Distributed-Ecommerce-Project\\routes\\users.js","statementMap":{"0":{"start":{"line":1,"column":16},"end":{"line":1,"column":34}},"1":{"start":{"line":2,"column":15},"end":{"line":2,"column":31}},"2":{"start":{"line":3,"column":15},"end":{"line":3,"column":34}},"3":{"start":{"line":4,"column":17},"end":{"line":4,"column":36}},"4":{"start":{"line":6,"column":13},"end":{"line":6,"column":38}},"5":{"start":{"line":7,"column":33},"end":{"line":7,"column":58}},"6":{"start":{"line":9,"column":0},"end":{"line":11,"column":3}},"7":{"start":{"line":10,"column":2},"end":{"line":10,"column":24}},"8":{"start":{"line":14,"column":0},"end":{"line":14,"column":78}},"9":{"start":{"line":14,"column":57},"end":{"line":14,"column":76}},"10":{"start":{"line":17,"column":0},"end":{"line":17,"column":84}},"11":{"start":{"line":17,"column":60},"end":{"line":17,"column":82}},"12":{"start":{"line":20,"column":0},"end":{"line":81,"column":3}},"13":{"start":{"line":21,"column":47},"end":{"line":21,"column":55}},"14":{"start":{"line":22,"column":15},"end":{"line":22,"column":17}},"15":{"start":{"line":24,"column":2},"end":{"line":26,"column":3}},"16":{"start":{"line":25,"column":4},"end":{"line":25,"column":52}},"17":{"start":{"line":28,"column":2},"end":{"line":30,"column":3}},"18":{"start":{"line":29,"column":4},"end":{"line":29,"column":51}},"19":{"start":{"line":32,"column":2},"end":{"line":34,"column":3}},"20":{"start":{"line":33,"column":4},"end":{"line":33,"column":67}},"21":{"start":{"line":36,"column":2},"end":{"line":80,"column":3}},"22":{"start":{"line":37,"column":4},"end":{"line":43,"column":7}},"23":{"start":{"line":45,"column":4},"end":{"line":79,"column":7}},"24":{"start":{"line":46,"column":6},"end":{"line":78,"column":7}},"25":{"start":{"line":47,"column":8},"end":{"line":47,"column":53}},"26":{"start":{"line":48,"column":8},"end":{"line":54,"column":11}},"27":{"start":{"line":56,"column":24},"end":{"line":60,"column":10}},"28":{"start":{"line":62,"column":8},"end":{"line":77,"column":11}},"29":{"start":{"line":63,"column":10},"end":{"line":76,"column":13}},"30":{"start":{"line":64,"column":12},"end":{"line":64,"column":31}},"31":{"start":{"line":64,"column":21},"end":{"line":64,"column":31}},"32":{"start":{"line":65,"column":12},"end":{"line":65,"column":36}},"33":{"start":{"line":66,"column":12},"end":{"line":75,"column":46}},"34":{"start":{"line":69,"column":16},"end":{"line":72,"column":18}},"35":{"start":{"line":73,"column":16},"end":{"line":73,"column":45}},"36":{"start":{"line":75,"column":28},"end":{"line":75,"column":44}},"37":{"start":{"line":84,"column":0},"end":{"line":90,"column":3}},"38":{"start":{"line":85,"column":2},"end":{"line":89,"column":21}},"39":{"start":{"line":93,"column":0},"end":{"line":97,"column":3}},"40":{"start":{"line":94,"column":2},"end":{"line":94,"column":15}},"41":{"start":{"line":95,"column":2},"end":{"line":95,"column":49}},"42":{"start":{"line":96,"column":2},"end":{"line":96,"column":31}},"43":{"start":{"line":100,"column":0},"end":{"line":100,"column":24}}},"fnMap":{"0":{"name":"(anonymous_0)","decl":{"start":{"line":9,"column":25},"end":{"line":9,"column":26}},"loc":{"start":{"line":9,"column":39},"end":{"line":11,"column":1}},"line":9},"1":{"name":"(anonymous_1)","decl":{"start":{"line":14,"column":43},"end":{"line":14,"column":44}},"loc":{"start":{"line":14,"column":57},"end":{"line":14,"column":76}},"line":14},"2":{"name":"(anonymous_2)","decl":{"start":{"line":17,"column":46},"end":{"line":17,"column":47}},"loc":{"start":{"line":17,"column":60},"end":{"line":17,"column":82}},"line":17},"3":{"name":"(anonymous_3)","decl":{"start":{"line":20,"column":25},"end":{"line":20,"column":26}},"loc":{"start":{"line":20,"column":39},"end":{"line":81,"column":1}},"line":20},"4":{"name":"(anonymous_4)","decl":{"start":{"line":45,"column":40},"end":{"line":45,"column":41}},"loc":{"start":{"line":45,"column":48},"end":{"line":79,"column":5}},"line":45},"5":{"name":"(anonymous_5)","decl":{"start":{"line":62,"column":27},"end":{"line":62,"column":28}},"loc":{"start":{"line":62,"column":42},"end":{"line":77,"column":9}},"line":62},"6":{"name":"(anonymous_6)","decl":{"start":{"line":63,"column":46},"end":{"line":63,"column":47}},"loc":{"start":{"line":63,"column":61},"end":{"line":76,"column":11}},"line":63},"7":{"name":"(anonymous_7)","decl":{"start":{"line":68,"column":20},"end":{"line":68,"column":21}},"loc":{"start":{"line":68,"column":28},"end":{"line":74,"column":15}},"line":68},"8":{"name":"(anonymous_8)","decl":{"start":{"line":75,"column":21},"end":{"line":75,"column":22}},"loc":{"start":{"line":75,"column":28},"end":{"line":75,"column":44}},"line":75},"9":{"name":"(anonymous_9)","decl":{"start":{"line":84,"column":22},"end":{"line":84,"column":23}},"loc":{"start":{"line":84,"column":42},"end":{"line":90,"column":1}},"line":84},"10":{"name":"(anonymous_10)","decl":{"start":{"line":93,"column":22},"end":{"line":93,"column":23}},"loc":{"start":{"line":93,"column":36},"end":{"line":97,"column":1}},"line":93}},"branchMap":{"0":{"loc":{"start":{"line":24,"column":2},"end":{"line":26,"column":3}},"type":"if","locations":[{"start":{"line":24,"column":2},"end":{"line":26,"column":3}},{"start":{},"end":{}}],"line":24},"1":{"loc":{"start":{"line":24,"column":6},"end":{"line":24,"column":48}},"type":"binary-expr","locations":[{"start":{"line":24,"column":6},"end":{"line":24,"column":11}},{"start":{"line":24,"column":15},"end":{"line":24,"column":21}},{"start":{"line":24,"column":25},"end":{"line":24,"column":34}},{"start":{"line":24,"column":38},"end":{"line":24,"column":48}}],"line":24},"2":{"loc":{"start":{"line":28,"column":2},"end":{"line":30,"column":3}},"type":"if","locations":[{"start":{"line":28,"column":2},"end":{"line":30,"column":3}},{"start":{},"end":{}}],"line":28},"3":{"loc":{"start":{"line":32,"column":2},"end":{"line":34,"column":3}},"type":"if","locations":[{"start":{"line":32,"column":2},"end":{"line":34,"column":3}},{"start":{},"end":{}}],"line":32},"4":{"loc":{"start":{"line":36,"column":2},"end":{"line":80,"column":3}},"type":"if","locations":[{"start":{"line":36,"column":2},"end":{"line":80,"column":3}},{"start":{"line":44,"column":9},"end":{"line":80,"column":3}}],"line":36},"5":{"loc":{"start":{"line":46,"column":6},"end":{"line":78,"column":7}},"type":"if","locations":[{"start":{"line":46,"column":6},"end":{"line":78,"column":7}},{"start":{"line":55,"column":13},"end":{"line":78,"column":7}}],"line":46},"6":{"loc":{"start":{"line":64,"column":12},"end":{"line":64,"column":31}},"type":"if","locations":[{"start":{"line":64,"column":12},"end":{"line":64,"column":31}},{"start":{},"end":{}}],"line":64}},"s":{"0":2,"1":2,"2":2,"3":2,"4":2,"5":2,"6":2,"7":0,"8":2,"9":0,"10":2,"11":0,"12":2,"13":0,"14":0,"15":0,"16":0,"17":0,"18":0,"19":0,"20":0,"21":0,"22":0,"23":0,"24":0,"25":0,"26":0,"27":0,"28":0,"29":0,"30":0,"31":0,"32":0,"33":0,"34":0,"35":0,"36":0,"37":2,"38":1,"39":2,"40":0,"41":0,"42":0,"43":2},"f":{"0":0,"1":0,"2":0,"3":0,"4":0,"5":0,"6":0,"7":0,"8":0,"9":1,"10":0},"b":{"0":[0,0],"1":[0,0,0,0],"2":[0,0],"3":[0,0],"4":[0,0],"5":[0,0],"6":[0,0]},"_coverageSchema":"1a1c01bbd47fc00a2c39e90264f33305004495a9","hash":"89a431d0963d41c325f88933d8057074c618d1cc"}
}
